<?xml version="1.0" encoding="UTF-8"?>
<!-- Generated by org.testng.reporters.JUnitReportReporter -->
<testsuite hostname="225-Animesh-EIMS" failures="0" tests="1" name="restassuredTest.restassuredTest.Api" time="2.609" errors="0" timestamp="2024-12-05T17:05:08 IST" skipped="0">
  <testcase classname="restassuredTest.restassuredTest.Api" name="testApi" time="2.609"/>
</testsuite> <!-- restassuredTest.restassuredTest.Api -->
